<?xml version="1.0" encoding="UTF-8"?>
<robot generator="Robot 6.0.2 (Python 3.11.3 on win32)" generated="20231031 10:53:35.708" rpa="false" schemaversion="3">
<suite id="s1" name="Carrinho" source="C:\Users\Raquel\Documents\AHoney\CARREIRA\ROBOT\Dr Consulta\testes\carrinho.robot">
<kw name="Inicio Login Válido" library="setup" type="SETUP">
<kw name="Open Browser" library="SeleniumLibrary">
<arg>about:blank</arg>
<arg>${BROWSER}</arg>
<doc>Opens a new browser instance to the optional ``url``.</doc>
<msg timestamp="20231031 10:53:36.295" level="INFO">Opening browser 'googlechrome' to base url 'about:blank'.</msg>
<status status="PASS" starttime="20231031 10:53:36.295" endtime="20231031 10:53:38.828"/>
</kw>
<kw name="Maximize Browser Window" library="SeleniumLibrary">
<doc>Maximizes current browser window.</doc>
<status status="PASS" starttime="20231031 10:53:38.829" endtime="20231031 10:53:38.961"/>
</kw>
<kw name="Sleep" library="BuiltIn">
<arg>5s</arg>
<doc>Pauses the test executed for the given time.</doc>
<msg timestamp="20231031 10:53:43.963" level="INFO">Slept 5 seconds</msg>
<status status="PASS" starttime="20231031 10:53:38.962" endtime="20231031 10:53:43.963"/>
</kw>
<status status="PASS" starttime="20231031 10:53:36.294" endtime="20231031 10:53:43.963"/>
</kw>
<test id="s1-t1" name="Cenário 01: Usuário adiciona um item ao carrinho com sucesso" line="22">
<kw name="Inicio carrinho" library="setup" type="SETUP">
<kw name="Go To" library="SeleniumLibrary">
<arg>${URL}</arg>
<doc>Navigates the current browser window to the provided ``url``.</doc>
<msg timestamp="20231031 10:53:43.966" level="INFO">Opening url 'https://www.saucedemo.com/'</msg>
<status status="PASS" starttime="20231031 10:53:43.966" endtime="20231031 10:53:44.661"/>
</kw>
<kw name="Set Selenium Speed" library="SeleniumLibrary">
<arg>0.1</arg>
<doc>Sets the delay that is waited after each Selenium command.</doc>
<status status="PASS" starttime="20231031 10:53:44.661" endtime="20231031 10:53:44.662"/>
</kw>
<kw name="Wait Until Element Is Visible" library="SeleniumLibrary">
<arg>${ELT_USERNAME}</arg>
<doc>Waits until the element ``locator`` is visible.</doc>
<status status="PASS" starttime="20231031 10:53:44.662" endtime="20231031 10:53:44.927"/>
</kw>
<kw name="Wait Until Element Is Visible" library="SeleniumLibrary">
<arg>${ELT_PASSWORD}</arg>
<doc>Waits until the element ``locator`` is visible.</doc>
<status status="PASS" starttime="20231031 10:53:44.927" endtime="20231031 10:53:45.178"/>
</kw>
<kw name="Click Element" library="SeleniumLibrary">
<arg>${ELT_USERNAME}</arg>
<doc>Click the element identified by ``locator``.</doc>
<msg timestamp="20231031 10:53:45.179" level="INFO">Clicking element 'user-name'.</msg>
<status status="PASS" starttime="20231031 10:53:45.178" endtime="20231031 10:53:45.473"/>
</kw>
<kw name="Input Text" library="SeleniumLibrary">
<arg>${ELT_USERNAME}</arg>
<arg>${USERNAME}</arg>
<doc>Types the given ``text`` into the text field identified by ``locator``.</doc>
<msg timestamp="20231031 10:53:45.474" level="INFO">Typing text 'standard_user' into text field 'user-name'.</msg>
<status status="PASS" starttime="20231031 10:53:45.473" endtime="20231031 10:53:45.915"/>
</kw>
<kw name="Click Element" library="SeleniumLibrary">
<arg>${ELT_PASSWORD}</arg>
<doc>Click the element identified by ``locator``.</doc>
<msg timestamp="20231031 10:53:45.916" level="INFO">Clicking element 'password'.</msg>
<status status="PASS" starttime="20231031 10:53:45.915" endtime="20231031 10:53:46.198"/>
</kw>
<kw name="Input Text" library="SeleniumLibrary">
<arg>${ELT_PASSWORD}</arg>
<arg>${PASSWORD}</arg>
<doc>Types the given ``text`` into the text field identified by ``locator``.</doc>
<msg timestamp="20231031 10:53:46.199" level="INFO">Typing text 'secret_sauce' into text field 'password'.</msg>
<status status="PASS" starttime="20231031 10:53:46.198" endtime="20231031 10:53:46.617"/>
</kw>
<kw name="Click Button" library="SeleniumLibrary">
<arg>${BTT_LOGIN}</arg>
<doc>Clicks the button identified by ``locator``.</doc>
<msg timestamp="20231031 10:53:46.618" level="INFO">Clicking button '//*[@id="login-button"]'.</msg>
<status status="PASS" starttime="20231031 10:53:46.617" endtime="20231031 10:53:47.123"/>
</kw>
<kw name="Wait Until Element Is Visible" library="SeleniumLibrary">
<arg>${PRODUCTS}</arg>
<doc>Waits until the element ``locator`` is visible.</doc>
<status status="PASS" starttime="20231031 10:53:47.123" endtime="20231031 10:53:47.369"/>
</kw>
<status status="PASS" starttime="20231031 10:53:43.965" endtime="20231031 10:53:47.369"/>
</kw>
<kw name="Dado que seleciono um produto" library="adionar_produto">
<kw name="Click Element" library="SeleniumLibrary">
<arg>${BACKPACK}</arg>
<doc>Click the element identified by ``locator``.</doc>
<msg timestamp="20231031 10:53:47.373" level="INFO">Clicking element '//*[@id="item_4_title_link"]/div'.</msg>
<status status="PASS" starttime="20231031 10:53:47.372" endtime="20231031 10:53:47.664"/>
</kw>
<status status="PASS" starttime="20231031 10:53:47.371" endtime="20231031 10:53:47.664"/>
</kw>
<kw name="Quando clico no botão &quot;adicionar ao carrinho&quot;" library="adionar_produto">
<kw name="Click Element" library="SeleniumLibrary">
<arg>${CARRINHO}</arg>
<doc>Click the element identified by ``locator``.</doc>
<msg timestamp="20231031 10:53:47.666" level="INFO">Clicking element '//*[@id="add-to-cart-sauce-labs-backpack"]'.</msg>
<status status="PASS" starttime="20231031 10:53:47.665" endtime="20231031 10:53:47.948"/>
</kw>
<status status="PASS" starttime="20231031 10:53:47.665" endtime="20231031 10:53:47.948"/>
</kw>
<kw name="Então o item deve ser exibido no carrinho" library="adionar_produto">
<kw name="Element Should Be Visible" library="SeleniumLibrary">
<arg>${QTDE_ITENS}</arg>
<doc>Verifies that the element identified by ``locator`` is visible.</doc>
<msg timestamp="20231031 10:53:48.185" level="INFO">Element '//*[@id="shopping_cart_container"]/a/span' is displayed.</msg>
<status status="PASS" starttime="20231031 10:53:47.950" endtime="20231031 10:53:48.185"/>
</kw>
<status status="PASS" starttime="20231031 10:53:47.949" endtime="20231031 10:53:48.186"/>
</kw>
<kw name="Final carrinho" library="setup" type="TEARDOWN">
<kw name="Capture Page Screenshot" library="SeleniumLibrary">
<doc>Takes a screenshot of the current page and embeds it into a log file.</doc>
<msg timestamp="20231031 10:53:48.440" level="INFO" html="true">&lt;/td&gt;&lt;/tr&gt;&lt;tr&gt;&lt;td colspan="3"&gt;&lt;a href="selenium-screenshot-4.png"&gt;&lt;img src="selenium-screenshot-4.png" width="800px"&gt;&lt;/a&gt;</msg>
<status status="PASS" starttime="20231031 10:53:48.187" endtime="20231031 10:53:48.440"/>
</kw>
<status status="PASS" starttime="20231031 10:53:48.187" endtime="20231031 10:53:48.441"/>
</kw>
<status status="PASS" starttime="20231031 10:53:43.964" endtime="20231031 10:53:48.441"/>
</test>
<test id="s1-t2" name="Cenário 02: Usuário remove um item do carrinho com sucesso" line="27">
<kw name="Inicio carrinho" library="setup" type="SETUP">
<kw name="Go To" library="SeleniumLibrary">
<arg>${URL}</arg>
<doc>Navigates the current browser window to the provided ``url``.</doc>
<msg timestamp="20231031 10:53:48.444" level="INFO">Opening url 'https://www.saucedemo.com/'</msg>
<status status="PASS" starttime="20231031 10:53:48.443" endtime="20231031 10:53:48.686"/>
</kw>
<kw name="Set Selenium Speed" library="SeleniumLibrary">
<arg>0.1</arg>
<doc>Sets the delay that is waited after each Selenium command.</doc>
<status status="PASS" starttime="20231031 10:53:48.686" endtime="20231031 10:53:48.686"/>
</kw>
<kw name="Wait Until Element Is Visible" library="SeleniumLibrary">
<arg>${ELT_USERNAME}</arg>
<doc>Waits until the element ``locator`` is visible.</doc>
<status status="PASS" starttime="20231031 10:53:48.686" endtime="20231031 10:53:48.910"/>
</kw>
<kw name="Wait Until Element Is Visible" library="SeleniumLibrary">
<arg>${ELT_PASSWORD}</arg>
<doc>Waits until the element ``locator`` is visible.</doc>
<status status="PASS" starttime="20231031 10:53:48.910" endtime="20231031 10:53:49.131"/>
</kw>
<kw name="Click Element" library="SeleniumLibrary">
<arg>${ELT_USERNAME}</arg>
<doc>Click the element identified by ``locator``.</doc>
<msg timestamp="20231031 10:53:49.131" level="INFO">Clicking element 'user-name'.</msg>
<status status="PASS" starttime="20231031 10:53:49.131" endtime="20231031 10:53:49.395"/>
</kw>
<kw name="Input Text" library="SeleniumLibrary">
<arg>${ELT_USERNAME}</arg>
<arg>${USERNAME}</arg>
<doc>Types the given ``text`` into the text field identified by ``locator``.</doc>
<msg timestamp="20231031 10:53:49.396" level="INFO">Typing text 'standard_user' into text field 'user-name'.</msg>
<status status="PASS" starttime="20231031 10:53:49.395" endtime="20231031 10:53:49.815"/>
</kw>
<kw name="Click Element" library="SeleniumLibrary">
<arg>${ELT_PASSWORD}</arg>
<doc>Click the element identified by ``locator``.</doc>
<msg timestamp="20231031 10:53:49.816" level="INFO">Clicking element 'password'.</msg>
<status status="PASS" starttime="20231031 10:53:49.815" endtime="20231031 10:53:50.085"/>
</kw>
<kw name="Input Text" library="SeleniumLibrary">
<arg>${ELT_PASSWORD}</arg>
<arg>${PASSWORD}</arg>
<doc>Types the given ``text`` into the text field identified by ``locator``.</doc>
<msg timestamp="20231031 10:53:50.087" level="INFO">Typing text 'secret_sauce' into text field 'password'.</msg>
<status status="PASS" starttime="20231031 10:53:50.085" endtime="20231031 10:53:50.488"/>
</kw>
<kw name="Click Button" library="SeleniumLibrary">
<arg>${BTT_LOGIN}</arg>
<doc>Clicks the button identified by ``locator``.</doc>
<msg timestamp="20231031 10:53:50.489" level="INFO">Clicking button '//*[@id="login-button"]'.</msg>
<status status="PASS" starttime="20231031 10:53:50.488" endtime="20231031 10:53:50.907"/>
</kw>
<kw name="Wait Until Element Is Visible" library="SeleniumLibrary">
<arg>${PRODUCTS}</arg>
<doc>Waits until the element ``locator`` is visible.</doc>
<status status="PASS" starttime="20231031 10:53:50.907" endtime="20231031 10:53:51.131"/>
</kw>
<status status="PASS" starttime="20231031 10:53:48.443" endtime="20231031 10:53:51.131"/>
</kw>
<kw name="Dado que um produto esta selecionado" library="remover_produto">
<kw name="Click Element" library="SeleniumLibrary">
<arg>${BACKPACK}</arg>
<doc>Click the element identified by ``locator``.</doc>
<msg timestamp="20231031 10:53:51.133" level="INFO">Clicking element '//*[@id="item_4_title_link"]/div'.</msg>
<status status="PASS" starttime="20231031 10:53:51.132" endtime="20231031 10:53:51.395"/>
</kw>
<status status="PASS" starttime="20231031 10:53:51.132" endtime="20231031 10:53:51.395"/>
</kw>
<kw name="Quando clico no botão &quot;remover do carrinho&quot;" library="remover_produto">
<kw name="Click Element" library="SeleniumLibrary">
<arg>${REMOVE}</arg>
<doc>Click the element identified by ``locator``.</doc>
<msg timestamp="20231031 10:53:51.396" level="INFO">Clicking element '//*[@id="remove-sauce-labs-backpack"]'.</msg>
<status status="PASS" starttime="20231031 10:53:51.396" endtime="20231031 10:53:51.649"/>
</kw>
<status status="PASS" starttime="20231031 10:53:51.395" endtime="20231031 10:53:51.649"/>
</kw>
<kw name="Então o item deve ser removido no carrinho" library="remover_produto">
<kw name="Element Should Not Be Visible" library="SeleniumLibrary">
<arg>${QTDE_ITENS}</arg>
<doc>Verifies that the element identified by ``locator`` is NOT visible.</doc>
<msg timestamp="20231031 10:53:51.763" level="INFO">Element '//*[@id="shopping_cart_container"]/a/span' did not exist.</msg>
<status status="PASS" starttime="20231031 10:53:51.650" endtime="20231031 10:53:51.763"/>
</kw>
<status status="PASS" starttime="20231031 10:53:51.650" endtime="20231031 10:53:51.763"/>
</kw>
<kw name="Final carrinho" library="setup" type="TEARDOWN">
<kw name="Capture Page Screenshot" library="SeleniumLibrary">
<doc>Takes a screenshot of the current page and embeds it into a log file.</doc>
<msg timestamp="20231031 10:53:51.996" level="INFO" html="true">&lt;/td&gt;&lt;/tr&gt;&lt;tr&gt;&lt;td colspan="3"&gt;&lt;a href="selenium-screenshot-5.png"&gt;&lt;img src="selenium-screenshot-5.png" width="800px"&gt;&lt;/a&gt;</msg>
<status status="PASS" starttime="20231031 10:53:51.764" endtime="20231031 10:53:51.996"/>
</kw>
<status status="PASS" starttime="20231031 10:53:51.763" endtime="20231031 10:53:51.997"/>
</kw>
<status status="PASS" starttime="20231031 10:53:48.442" endtime="20231031 10:53:51.997"/>
</test>
<test id="s1-t3" name="Cenário 03: Usuário finaliza compra" line="32">
<kw name="Inicio carrinho" library="setup" type="SETUP">
<kw name="Go To" library="SeleniumLibrary">
<arg>${URL}</arg>
<doc>Navigates the current browser window to the provided ``url``.</doc>
<msg timestamp="20231031 10:53:52.000" level="INFO">Opening url 'https://www.saucedemo.com/'</msg>
<status status="PASS" starttime="20231031 10:53:52.000" endtime="20231031 10:53:52.185"/>
</kw>
<kw name="Set Selenium Speed" library="SeleniumLibrary">
<arg>0.1</arg>
<doc>Sets the delay that is waited after each Selenium command.</doc>
<status status="PASS" starttime="20231031 10:53:52.185" endtime="20231031 10:53:52.185"/>
</kw>
<kw name="Wait Until Element Is Visible" library="SeleniumLibrary">
<arg>${ELT_USERNAME}</arg>
<doc>Waits until the element ``locator`` is visible.</doc>
<status status="PASS" starttime="20231031 10:53:52.185" endtime="20231031 10:53:52.406"/>
</kw>
<kw name="Wait Until Element Is Visible" library="SeleniumLibrary">
<arg>${ELT_PASSWORD}</arg>
<doc>Waits until the element ``locator`` is visible.</doc>
<status status="PASS" starttime="20231031 10:53:52.406" endtime="20231031 10:53:52.625"/>
</kw>
<kw name="Click Element" library="SeleniumLibrary">
<arg>${ELT_USERNAME}</arg>
<doc>Click the element identified by ``locator``.</doc>
<msg timestamp="20231031 10:53:52.625" level="INFO">Clicking element 'user-name'.</msg>
<status status="PASS" starttime="20231031 10:53:52.625" endtime="20231031 10:53:52.889"/>
</kw>
<kw name="Input Text" library="SeleniumLibrary">
<arg>${ELT_USERNAME}</arg>
<arg>${USERNAME}</arg>
<doc>Types the given ``text`` into the text field identified by ``locator``.</doc>
<msg timestamp="20231031 10:53:52.889" level="INFO">Typing text 'standard_user' into text field 'user-name'.</msg>
<status status="PASS" starttime="20231031 10:53:52.889" endtime="20231031 10:53:53.288"/>
</kw>
<kw name="Click Element" library="SeleniumLibrary">
<arg>${ELT_PASSWORD}</arg>
<doc>Click the element identified by ``locator``.</doc>
<msg timestamp="20231031 10:53:53.288" level="INFO">Clicking element 'password'.</msg>
<status status="PASS" starttime="20231031 10:53:53.288" endtime="20231031 10:53:53.566"/>
</kw>
<kw name="Input Text" library="SeleniumLibrary">
<arg>${ELT_PASSWORD}</arg>
<arg>${PASSWORD}</arg>
<doc>Types the given ``text`` into the text field identified by ``locator``.</doc>
<msg timestamp="20231031 10:53:53.567" level="INFO">Typing text 'secret_sauce' into text field 'password'.</msg>
<status status="PASS" starttime="20231031 10:53:53.566" endtime="20231031 10:53:54.050"/>
</kw>
<kw name="Click Button" library="SeleniumLibrary">
<arg>${BTT_LOGIN}</arg>
<doc>Clicks the button identified by ``locator``.</doc>
<msg timestamp="20231031 10:53:54.051" level="INFO">Clicking button '//*[@id="login-button"]'.</msg>
<status status="PASS" starttime="20231031 10:53:54.050" endtime="20231031 10:53:54.578"/>
</kw>
<kw name="Wait Until Element Is Visible" library="SeleniumLibrary">
<arg>${PRODUCTS}</arg>
<doc>Waits until the element ``locator`` is visible.</doc>
<status status="PASS" starttime="20231031 10:53:54.578" endtime="20231031 10:53:54.823"/>
</kw>
<status status="PASS" starttime="20231031 10:53:51.999" endtime="20231031 10:53:54.823"/>
</kw>
<kw name="Dado que adiciono um item no carrinho" library="finalizar_compra">
<kw name="Click Element" library="SeleniumLibrary">
<arg>${BACKPACK}</arg>
<doc>Click the element identified by ``locator``.</doc>
<msg timestamp="20231031 10:53:54.827" level="INFO">Clicking element '//*[@id="item_4_title_link"]/div'.</msg>
<status status="PASS" starttime="20231031 10:53:54.826" endtime="20231031 10:53:55.198"/>
</kw>
<status status="PASS" starttime="20231031 10:53:54.825" endtime="20231031 10:53:55.198"/>
</kw>
<kw name="E clico no carrinho" library="finalizar_compra">
<kw name="Click Element" library="SeleniumLibrary">
<arg>${MEU_CARRINHO}</arg>
<doc>Click the element identified by ``locator``.</doc>
<msg timestamp="20231031 10:53:55.212" level="INFO">Clicking element '//*[@id="shopping_cart_container"]/a'.</msg>
<status status="PASS" starttime="20231031 10:53:55.211" endtime="20231031 10:53:55.547"/>
</kw>
<status status="PASS" starttime="20231031 10:53:55.210" endtime="20231031 10:53:55.547"/>
</kw>
<kw name="Quando clico no botão checkout" library="finalizar_compra">
<kw name="Click Button" library="SeleniumLibrary">
<arg>${CHECKOUT}</arg>
<doc>Clicks the button identified by ``locator``.</doc>
<msg timestamp="20231031 10:53:55.549" level="INFO">Clicking button '//*[@id="checkout"]'.</msg>
<status status="PASS" starttime="20231031 10:53:55.548" endtime="20231031 10:53:56.181"/>
</kw>
<status status="PASS" starttime="20231031 10:53:55.548" endtime="20231031 10:53:56.181"/>
</kw>
<kw name="E informo dados pessoais" library="finalizar_compra">
<kw name="Input Text" library="SeleniumLibrary">
<arg>${FIRST_NAME}</arg>
<arg>QA</arg>
<doc>Types the given ``text`` into the text field identified by ``locator``.</doc>
<msg timestamp="20231031 10:53:56.197" level="INFO">Typing text 'QA' into text field '//*[@id="first-name"]'.</msg>
<status status="PASS" starttime="20231031 10:53:56.196" endtime="20231031 10:53:56.701"/>
</kw>
<kw name="Input Text" library="SeleniumLibrary">
<arg>${LAST_NAME}</arg>
<arg>TESTER</arg>
<doc>Types the given ``text`` into the text field identified by ``locator``.</doc>
<msg timestamp="20231031 10:53:56.702" level="INFO">Typing text 'TESTER' into text field '//*[@id="last-name"]'.</msg>
<status status="PASS" starttime="20231031 10:53:56.701" endtime="20231031 10:53:57.153"/>
</kw>
<kw name="Input Text" library="SeleniumLibrary">
<arg>${POSTAL_CODE}</arg>
<arg>18120000</arg>
<doc>Types the given ``text`` into the text field identified by ``locator``.</doc>
<msg timestamp="20231031 10:53:57.154" level="INFO">Typing text '18120000' into text field '//*[@id="postal-code"]'.</msg>
<status status="PASS" starttime="20231031 10:53:57.153" endtime="20231031 10:53:57.692"/>
</kw>
<status status="PASS" starttime="20231031 10:53:56.196" endtime="20231031 10:53:57.692"/>
</kw>
<kw name="E clico no botão continuar" library="finalizar_compra">
<kw name="Click Button" library="SeleniumLibrary">
<arg>${BTT_CONTINUE}</arg>
<doc>Clicks the button identified by ``locator``.</doc>
<msg timestamp="20231031 10:53:57.715" level="INFO">Clicking button '//*[@id="continue"]'.</msg>
<status status="PASS" starttime="20231031 10:53:57.713" endtime="20231031 10:53:58.216"/>
</kw>
<status status="PASS" starttime="20231031 10:53:57.712" endtime="20231031 10:53:58.216"/>
</kw>
<kw name="E clico no botão finalizar" library="finalizar_compra">
<kw name="Click Button" library="SeleniumLibrary">
<arg>${BTT_FINALIZAR}</arg>
<doc>Clicks the button identified by ``locator``.</doc>
<msg timestamp="20231031 10:53:58.226" level="INFO">Clicking button '//*[@id="finish"]'.</msg>
<status status="PASS" starttime="20231031 10:53:58.225" endtime="20231031 10:53:58.860"/>
</kw>
<status status="PASS" starttime="20231031 10:53:58.225" endtime="20231031 10:53:58.860"/>
</kw>
<kw name="Então aplicação apresenta mensagem de compra efetuada" library="finalizar_compra">
<kw name="Element Should Be Visible" library="SeleniumLibrary">
<arg>${IMG_CKECK}</arg>
<doc>Verifies that the element identified by ``locator`` is visible.</doc>
<msg timestamp="20231031 10:53:59.098" level="INFO">Element '//*[@id="checkout_complete_container"]' is displayed.</msg>
<status status="PASS" starttime="20231031 10:53:58.861" endtime="20231031 10:53:59.098"/>
</kw>
<status status="PASS" starttime="20231031 10:53:58.860" endtime="20231031 10:53:59.098"/>
</kw>
<kw name="Final carrinho" library="setup" type="TEARDOWN">
<kw name="Capture Page Screenshot" library="SeleniumLibrary">
<doc>Takes a screenshot of the current page and embeds it into a log file.</doc>
<msg timestamp="20231031 10:53:59.374" level="INFO" html="true">&lt;/td&gt;&lt;/tr&gt;&lt;tr&gt;&lt;td colspan="3"&gt;&lt;a href="selenium-screenshot-6.png"&gt;&lt;img src="selenium-screenshot-6.png" width="800px"&gt;&lt;/a&gt;</msg>
<status status="PASS" starttime="20231031 10:53:59.099" endtime="20231031 10:53:59.374"/>
</kw>
<status status="PASS" starttime="20231031 10:53:59.098" endtime="20231031 10:53:59.374"/>
</kw>
<status status="PASS" starttime="20231031 10:53:51.999" endtime="20231031 10:53:59.380"/>
</test>
<kw name="Fim Login Válido" library="setup" type="TEARDOWN">
<kw name="Close All Browsers" library="SeleniumLibrary">
<doc>Closes all open browsers and resets the browser cache.</doc>
<status status="PASS" starttime="20231031 10:53:59.384" endtime="20231031 10:54:02.252"/>
</kw>
<status status="PASS" starttime="20231031 10:53:59.384" endtime="20231031 10:54:02.252"/>
</kw>
<status status="PASS" starttime="20231031 10:53:35.713" endtime="20231031 10:54:02.252"/>
</suite>
<statistics>
<total>
<stat pass="3" fail="0" skip="0">All Tests</stat>
</total>
<tag>
</tag>
<suite>
<stat pass="3" fail="0" skip="0" id="s1" name="Carrinho">Carrinho</stat>
</suite>
</statistics>
<errors>
</errors>
</robot>
